<?xml version="1.0" encoding="UTF-8"?>
<!-- Generated by org.testng.reporters.JUnitXMLReporter -->
<testsuite hostname="Shailen-TN80530" ignored="0" name="Test" tests="1" failures="0" timestamp="18 Jul 2019 12:36:41 GMT" time="0.092" errors="0">
  <testcase name="@BeforeMethod setup" time="0.01" classname="Tests.LoginTest">
    <failure type="java.lang.NullPointerException">
      <![CDATA[java.lang.NullPointerException
at com.Base.BaseClass.initialization(BaseClass.java:40)
at Tests.LoginTest.setup(LoginTest.java:27)
... Removed 28 stack frames]]>
    </failure>
  </testcase> <!-- @BeforeMethod setup -->
  <testcase name="@AfterMethod teardown" time="0.0" classname="Tests.LoginTest">
    <skipped/>
  </testcase> <!-- @AfterMethod teardown -->
  <testcase name="validLogin" time="0.0" classname="Tests.LoginTest">
    <skipped/>
  </testcase> <!-- validLogin -->
</testsuite> <!-- Test -->
